TN:
SF:components/ErrorMessage.jsx
FN:4,(anonymous_0)
FNF:1
FNH:1
FNDA:3,(anonymous_0)
DA:4,3
DA:5,3
LF:2
LH:2
BRF:0
BRH:0
end_of_record
TN:
SF:components/Footer.jsx
FN:3,(anonymous_0)
FNF:1
FNH:1
FNDA:2,(anonymous_0)
DA:3,2
DA:4,2
LF:2
LH:2
BRF:0
BRH:0
end_of_record
TN:
SF:components/Highlight.jsx
FN:7,(anonymous_0)
FN:12,(anonymous_1)
FN:22,(anonymous_2)
FNF:3
FNH:3
FNDA:4,(anonymous_0)
FNDA:2,(anonymous_1)
FNDA:4,(anonymous_2)
DA:7,4
DA:8,4
DA:9,4
DA:10,4
DA:12,4
DA:13,2
DA:14,2
DA:15,2
DA:17,0
DA:18,0
DA:22,4
DA:23,4
DA:26,4
DA:28,2
LF:14
LH:12
BRDA:23,0,0,4
BRDA:23,0,1,4
BRDA:23,0,2,2
BRDA:26,1,0,2
BRDA:26,1,1,2
BRF:5
BRH:5
end_of_record
TN:
SF:components/Home.jsx
FN:5,(anonymous_0)
FNF:1
FNH:1
FNDA:2,(anonymous_0)
DA:5,2
DA:6,2
LF:2
LH:2
BRF:0
BRH:0
end_of_record
TN:
SF:components/Layout.jsx
FN:8,(anonymous_0)
FNF:1
FNH:1
FNDA:1,(anonymous_0)
DA:8,1
DA:9,1
LF:2
LH:2
BRF:0
BRH:0
end_of_record
TN:
SF:components/Loading.jsx
FN:3,(anonymous_0)
FNF:1
FNH:1
FNDA:9,(anonymous_0)
DA:3,3
DA:4,9
LF:2
LH:2
BRF:0
BRH:0
end_of_record
TN:
SF:components/Logo.jsx
FN:3,(anonymous_0)
FNF:1
FNH:1
FNDA:3,(anonymous_0)
DA:3,3
DA:4,3
LF:2
LH:2
BRF:0
BRH:0
end_of_record
TN:
SF:components/NavBar.jsx
FN:19,(anonymous_0)
FN:22,(anonymous_1)
FNF:2
FNH:1
FNDA:7,(anonymous_0)
FNDA:0,(anonymous_1)
DA:19,2
DA:20,7
DA:21,7
DA:22,7
DA:24,7
LF:5
LH:5
BRDA:36,0,0,7
BRDA:36,0,1,1
BRDA:52,1,0,7
BRDA:52,1,1,3
BRDA:52,1,2,2
BRDA:63,2,0,7
BRDA:63,2,1,1
BRDA:94,3,0,7
BRDA:94,3,1,3
BRDA:94,3,2,2
BRDA:105,4,0,7
BRDA:105,4,1,1
BRF:12
BRH:12
end_of_record
TN:
SF:components/RouterLink.jsx
FN:6,(anonymous_0)
FNF:1
FNH:1
FNDA:18,(anonymous_0)
DA:6,3
DA:7,18
DA:8,18
DA:9,18
DA:11,18
LF:5
LH:5
BRDA:9,0,0,14
BRDA:9,0,1,4
BRDA:14,1,0,18
BRDA:14,1,1,4
BRDA:15,2,0,7
BRDA:15,2,1,11
BRF:6
BRH:6
end_of_record
TN:
SF:pages/_app.jsx
FN:12,App
FNF:1
FNH:0
FNDA:0,App
DA:10,0
DA:13,0
LF:2
LH:0
BRF:0
BRH:0
end_of_record
TN:
SF:pages/about.jsx
FN:6,SSRPage
FNF:1
FNH:1
FNDA:2,SSRPage
DA:7,2
DA:21,1
LF:2
LH:2
BRF:0
BRH:0
end_of_record
TN:
SF:pages/external.jsx
FN:9,External
FN:12,(anonymous_1)
FN:13,(anonymous_2)
FN:19,(anonymous_3)
FN:21,(anonymous_4)
FN:23,(anonymous_5)
FN:27,(anonymous_6)
FN:54,(anonymous_7)
FN:73,(anonymous_8)
FN:74,(anonymous_9)
FNF:10
FNH:8
FNDA:13,External
FNDA:3,(anonymous_1)
FNDA:3,(anonymous_2)
FNDA:2,(anonymous_3)
FNDA:1,(anonymous_4)
FNDA:3,(anonymous_5)
FNDA:3,(anonymous_6)
FNDA:3,(anonymous_7)
FNDA:0,(anonymous_8)
FNDA:0,(anonymous_9)
DA:10,13
DA:12,13
DA:13,3
DA:15,3
DA:16,3
DA:17,3
DA:19,2
DA:21,1
DA:23,3
DA:27,13
DA:28,3
DA:29,3
DA:32,13
DA:34,13
DA:54,3
DA:73,0
DA:74,0
LF:17
LH:15
BRDA:59,0,0,13
BRDA:59,0,1,6
BRDA:60,1,0,13
BRDA:60,1,1,11
BRDA:60,1,2,4
BRDA:63,2,0,4
BRDA:63,2,1,2
BRDA:64,3,0,4
BRDA:64,3,1,2
BRF:9
BRH:9
end_of_record
TN:
SF:pages/index.jsx
FN:5,Index
FNF:1
FNH:1
FNDA:1,Index
DA:6,1
LF:1
LH:1
BRF:0
BRH:0
end_of_record
TN:
SF:pages/profile.jsx
FN:9,Profile
FN:41,(anonymous_1)
FN:42,(anonymous_2)
FNF:3
FNH:1
FNDA:5,Profile
FNDA:0,(anonymous_1)
FNDA:0,(anonymous_2)
DA:10,5
DA:12,5
DA:41,0
DA:42,0
LF:4
LH:2
BRDA:14,0,0,5
BRDA:14,0,1,2
BRDA:15,1,0,5
BRDA:15,1,1,2
BRF:4
BRH:4
end_of_record
TN:
SF:pages/tasks.jsx
FN:4,SSRPage
FNF:1
FNH:1
FNDA:1,SSRPage
DA:5,1
LF:1
LH:1
BRF:0
BRH:0
end_of_record
TN:
SF:pages/api/shows.js
FN:3,shows
FNF:1
FNH:1
FNDA:2,shows
DA:4,2
DA:5,2
DA:8,2
DA:9,2
DA:14,2
DA:16,1
DA:18,1
LF:7
LH:7
BRDA:8,0,0,2
BRDA:8,0,1,2
BRDA:18,1,0,1
BRDA:18,1,1,1
BRF:4
BRH:4
end_of_record
TN:
SF:pages/api/auth/[...auth0].js
FNF:0
FNH:0
LF:0
LH:0
BRF:0
BRH:0
end_of_record
